{"numFailedTestSuites":1,"numFailedTests":1,"numPassedTestSuites":9,"numPassedTests":16,"numPendingTestSuites":0,"numPendingTests":0,"numRuntimeErrorTestSuites":0,"numTodoTests":0,"numTotalTestSuites":10,"numTotalTests":17,"openHandles":[],"snapshot":{"added":0,"didUpdate":false,"failure":false,"filesAdded":0,"filesRemoved":0,"filesRemovedList":[],"filesUnmatched":0,"filesUpdated":0,"matched":0,"total":0,"unchecked":0,"uncheckedKeysByFile":[],"unmatched":0,"updated":0},"startTime":1773190151141,"success":false,"testResults":[{"assertionResults":[{"ancestorTitles":["Data files smoke test"],"duration":5,"failing":false,"failureDetails":[],"failureMessages":[],"fullName":"Data files smoke test pricing data has expected structure","invocations":1,"location":null,"numPassingAsserts":7,"retryReasons":[],"startAt":1773190152778,"status":"passed","title":"pricing data has expected structure"},{"ancestorTitles":["Data files smoke test"],"duration":2,"failing":false,"failureDetails":[],"failureMessages":[],"fullName":"Data files smoke test products data has expected structure","invocations":1,"location":null,"numPassingAsserts":15,"retryReasons":[],"startAt":1773190152783,"status":"passed","title":"products data has expected structure"},{"ancestorTitles":["Data files smoke test"],"duration":1,"failing":false,"failureDetails":[],"failureMessages":[],"fullName":"Data files smoke test product categories match expected values","invocations":1,"location":null,"numPassingAsserts":1,"retryReasons":[],"startAt":1773190152785,"status":"passed","title":"product categories match expected values"}],"endTime":1773190152787,"message":"","name":"C:\\dev\\nanfuen_dev\\test\\smoke\\data.test.js","startTime":1773190152040,"status":"passed","summary":""},{"assertionResults":[{"ancestorTitles":["_app render smoke test"],"duration":53,"failing":false,"failureDetails":[],"failureMessages":[],"fullName":"_app render smoke test renders a child component passed through App","invocations":1,"location":null,"numPassingAsserts":1,"retryReasons":[],"startAt":1773190152956,"status":"passed","title":"renders a child component passed through App"}],"endTime":1773190153011,"message":"","name":"C:\\dev\\nanfuen_dev\\test\\smoke\\app.test.js","startTime":1773190152069,"status":"passed","summary":""},{"assertionResults":[{"ancestorTitles":[],"duration":58,"failing":false,"failureDetails":[],"failureMessages":[],"fullName":"ProductCard shows name and price","invocations":1,"location":null,"numPassingAsserts":2,"retryReasons":[],"startAt":1773190152989,"status":"passed","title":"ProductCard shows name and price"}],"endTime":1773190153048,"message":"","name":"C:\\dev\\nanfuen_dev\\test\\components\\productCard.test.js","startTime":1773190152042,"status":"passed","summary":""},{"assertionResults":[{"ancestorTitles":["Form Components Smoke Tests","FilterBar"],"duration":67,"failing":false,"failureDetails":[],"failureMessages":[],"fullName":"Form Components Smoke Tests FilterBar renders filter inputs and responds to changes","invocations":1,"location":null,"numPassingAsserts":2,"retryReasons":[],"startAt":1773190152974,"status":"passed","title":"renders filter inputs and responds to changes"},{"ancestorTitles":["Form Components Smoke Tests","PlanSearchBar"],"duration":10,"failing":false,"failureDetails":[],"failureMessages":[],"fullName":"Form Components Smoke Tests PlanSearchBar renders category selector and handles changes","invocations":1,"location":null,"numPassingAsserts":4,"retryReasons":[],"startAt":1773190153042,"status":"passed","title":"renders category selector and handles changes"}],"endTime":1773190153054,"message":"","name":"C:\\dev\\nanfuen_dev\\test\\smoke\\forms.test.js","startTime":1773190152035,"status":"passed","summary":""},{"assertionResults":[{"ancestorTitles":["Image Pipeline Smoke Tests","Product Images"],"duration":90,"failing":false,"failureDetails":[],"failureMessages":[],"fullName":"Image Pipeline Smoke Tests Product Images renders product images with correct attributes","invocations":1,"location":null,"numPassingAsserts":2,"retryReasons":[],"startAt":1773190152980,"status":"passed","title":"renders product images with correct attributes"},{"ancestorTitles":["Image Pipeline Smoke Tests","Product Images"],"duration":26,"failing":false,"failureDetails":[],"failureMessages":[],"fullName":"Image Pipeline Smoke Tests Product Images handles missing images gracefully","invocations":1,"location":null,"numPassingAsserts":1,"retryReasons":[],"startAt":1773190153071,"status":"passed","title":"handles missing images gracefully"}],"endTime":1773190153098,"message":"","name":"C:\\dev\\nanfuen_dev\\test\\smoke\\images.test.js","startTime":1773190152024,"status":"passed","summary":""},{"assertionResults":[{"ancestorTitles":["Home page"],"duration":38,"failing":false,"failureDetails":[],"failureMessages":[],"fullName":"Home page redirects to default locale","invocations":1,"location":null,"numPassingAsserts":0,"retryReasons":[],"startAt":1773190153075,"status":"passed","title":"redirects to default locale"}],"endTime":1773190153115,"message":"","name":"C:\\dev\\nanfuen_dev\\test\\pages\\index.test.js","startTime":1773190152078,"status":"passed","summary":""},{"assertionResults":[{"ancestorTitles":["catalog page data functions (smoke)"],"duration":6,"failing":false,"failureDetails":[],"failureMessages":[],"fullName":"catalog page data functions (smoke) getStaticPaths returns expected categories and fallback false","invocations":1,"location":null,"numPassingAsserts":3,"retryReasons":[],"startAt":1773190153113,"status":"passed","title":"getStaticPaths returns expected categories and fallback false"},{"ancestorTitles":["catalog page data functions (smoke)"],"duration":1,"failing":false,"failureDetails":[],"failureMessages":[],"fullName":"catalog page data functions (smoke) getStaticProps returns props with the given category","invocations":1,"location":null,"numPassingAsserts":2,"retryReasons":[],"startAt":1773190153120,"status":"passed","title":"getStaticProps returns props with the given category"}],"endTime":1773190153122,"message":"","name":"C:\\dev\\nanfuen_dev\\test\\smoke\\catalog.test.js","startTime":1773190152044,"status":"passed","summary":""},{"assertionResults":[{"ancestorTitles":["products/[pid] page (smoke)"],"duration":61,"failing":false,"failureDetails":[],"failureMessages":[],"fullName":"products/[pid] page (smoke) renders product id from router query","invocations":1,"location":null,"numPassingAsserts":1,"retryReasons":[],"startAt":1773190153115,"status":"passed","title":"renders product id from router query"}],"endTime":1773190153177,"message":"","name":"C:\\dev\\nanfuen_dev\\test\\smoke\\productPage.test.js","startTime":1773190152048,"status":"passed","summary":""},{"assertionResults":[{"ancestorTitles":["Core components smoke test"],"duration":68,"failing":false,"failureDetails":[],"failureMessages":[],"fullName":"Core components smoke test ProductGrid renders with category title","invocations":1,"location":null,"numPassingAsserts":1,"retryReasons":[],"startAt":1773190153182,"status":"passed","title":"ProductGrid renders with category title"},{"ancestorTitles":["Core components smoke test","PricingGrid"],"duration":8,"failing":false,"failureDetails":[],"failureMessages":[],"fullName":"Core components smoke test PricingGrid renders with sample plans","invocations":1,"location":null,"numPassingAsserts":1,"retryReasons":[],"startAt":1773190153250,"status":"passed","title":"renders with sample plans"}],"endTime":1773190153259,"message":"","name":"C:\\dev\\nanfuen_dev\\test\\smoke\\components.test.js","startTime":1773190152036,"status":"passed","summary":""},{"assertionResults":[{"ancestorTitles":["Navigation Flow Smoke Tests","Catalog Navigation"],"duration":84,"failing":false,"failureDetails":[],"failureMessages":[],"fullName":"Navigation Flow Smoke Tests Catalog Navigation renders filter section","invocations":1,"location":null,"numPassingAsserts":3,"retryReasons":[],"startAt":1773190153262,"status":"passed","title":"renders filter section"},{"ancestorTitles":["Navigation Flow Smoke Tests","Product Grid Navigation"],"duration":2027,"failing":false,"failureDetails":[{"name":"TestingLibraryElementError"}],"failureMessages":["Error: Unable to find an element with the text: Test Product. This could be because the text is broken up by multiple elements. In this case, you can provide a function for your text matcher to make your matcher more flexible.\n\nIgnored nodes: comments, script, style\n\u001b[36m<body>\u001b[39m\n  \u001b[36m<div>\u001b[39m\n    \u001b[36m<div\u001b[39m\n      \u001b[33mclass\u001b[39m=\u001b[32m\"container\"\u001b[39m\n    \u001b[36m>\u001b[39m\n      \u001b[36m<div\u001b[39m\n        \u001b[33mclass\u001b[39m=\u001b[32m\"accordion\"\u001b[39m\n        \u001b[33mstyle\u001b[39m=\u001b[32m\"margin-bottom: var(--space-6);\"\u001b[39m\n      \u001b[36m>\u001b[39m\n        \u001b[36m<div\u001b[39m\n          \u001b[33mclass\u001b[39m=\u001b[32m\"accordion-item\"\u001b[39m\n          \u001b[33mstyle\u001b[39m=\u001b[32m\"border: 1px solid var(--color-border); border-radius: 12px; overflow: hidden;\"\u001b[39m\n        \u001b[36m>\u001b[39m\n          \u001b[36m<h2\u001b[39m\n            \u001b[33mclass\u001b[39m=\u001b[32m\"accordion-header\"\u001b[39m\n          \u001b[36m>\u001b[39m\n            \u001b[36m<button\u001b[39m\n              \u001b[33maria-expanded\u001b[39m=\u001b[32m\"true\"\u001b[39m\n              \u001b[33mclass\u001b[39m=\u001b[32m\"accordion-button\"\u001b[39m\n              \u001b[33mtype\u001b[39m=\u001b[32m\"button\"\u001b[39m\n            \u001b[36m>\u001b[39m\n              \u001b[0mFiltros\u001b[0m\n            \u001b[36m</button>\u001b[39m\n          \u001b[36m</h2>\u001b[39m\n          \u001b[36m<div\u001b[39m\n            \u001b[33mclass\u001b[39m=\u001b[32m\"accordion-collapse collapse show\"\u001b[39m\n          \u001b[36m>\u001b[39m\n            \u001b[36m<div\u001b[39m\n              \u001b[33mclass\u001b[39m=\u001b[32m\"accordion-body\"\u001b[39m\n              \u001b[33mstyle\u001b[39m=\u001b[32m\"background-color: var(--color-surface);\"\u001b[39m\n            \u001b[36m>\u001b[39m\n              \u001b[36m<div\u001b[39m\n                \u001b[33mstyle\u001b[39m=\u001b[32m\"background-color: var(--color-bg); border: 1px solid var(--color-border); border-radius: var(--border-radius); padding: var(--space-6); margin-bottom: var(--space-8);\"\u001b[39m\n              \u001b[36m>\u001b[39m\n                \u001b[36m<div\u001b[39m\n                  \u001b[33mstyle\u001b[39m=\u001b[32m\"display: grid; grid-template-columns: repeat(auto-fit, minmax(200px, 1fr)); gap: var(--space-6);\"\u001b[39m\n                \u001b[36m>\u001b[39m\n                  \u001b[36m<div>\u001b[39m\n                    \u001b[36m<label\u001b[39m\n                      \u001b[33mstyle\u001b[39m=\u001b[32m\"display: block; margin-bottom: var(--space-2); color: var(--color-text-muted); font-size: 0.85rem; text-transform: uppercase; letter-spacing: 0.05em;\"\u001b[39m\n                    \u001b[36m>\u001b[39m\n                      \u001b[0mCategoría\u001b[0m\n                    \u001b[36m</label>\u001b[39m\n                    \u001b[36m<select\u001b[39m\n                      \u001b[33mstyle\u001b[39m=\u001b[32m\"width: 100%; padding: var(--space-2) var(--space-4); background-color: var(--color-surface); color: var(--color-text); border: 1px solid var(--color-border); border-radius: var(--border-radius); font-size: 0.95rem; outline: none; appearance: none; cursor: pointer; background-repeat: no-repeat; background-size: 1em;\"\u001b[39m\n                    \u001b[36m>\u001b[39m\n                      \u001b[36m<option\u001b[39m\n                        \u001b[33mvalue\u001b[39m=\u001b[32m\"\"\u001b[39m\n                      \u001b[36m>\u001b[39m\n                        \u001b[0mTodas\u001b[0m\n                      \u001b[36m</option>\u001b[39m\n                      \u001b[36m<option\u001b[39m\n                        \u001b[33mvalue\u001b[39m=\u001b[32m\"Pot\"\u001b[39m\n                      \u001b[36m>\u001b[39m\n                        \u001b[0mMacetas\u001b[0m\n                      \u001b[36m</option>\u001b[39m\n                      \u001b[36m<option\u001b[39m\n                        \u001b[33mvalue\u001b[39m=\u001b[32m\"tree\"\u001b[39m\n                      \u001b[36m>\u001b[39m\n                        \u001b[0mÁrboles\u001b[0m\n                      \u001b[36m</option>\u001b[39m\n                      \u001b[36m<option\u001b[39m\n                        \u001b[33mvalue\u001b[39m=\u001b[32m\"Tools\"\u001b[39m\n                      \u001b[36m>\u001b[39m\n                        \u001b[0mHerramientas\u001b[0m\n                      \u001b[36m</option>\u001b[39m\n                    \u001b[36m</select>\u001b[39m\n                  \u001b[36m</div>\u001b[39m\n                  \u001b[36m<div>\u001b[39m\n                    \u001b[36m<label\u001b[39m\n                      \u001b[33mstyle\u001b[39m=\u001b[32m\"display: block; margin-bottom: var(--space-2); color: var(--color-text-muted); font-size: 0.85rem; text-transform: uppercase; letter-spacing: 0.05em;\"\u001b[39m\n                    \u001b[36m>\u001b[39m\n                      \u001b[0mDisponibilidad\u001b[0m\n                    \u001b[36m</label>\u001b[39m\n                    \u001b[36m<select\u001b[39m\n                      \u001b[33mstyle\u001b[39m=\u001b[32m\"width: 100%; padding: var(--space-2) var(--space-4); background-color: var(--color-surface); color: var(--color-text); border: 1px solid var(--color-border); border-radius: var(--border-radius); font-size: 0.95rem; outline: none; appearance: none; cursor: pointer; background-repeat: no-repeat; background-size: 1em;\"\u001b[39m\n                    \u001b[36m>\u001b[39m\n                      \u001b[36m<option\u001b[39m\n                        \u001b[33mvalue\u001b[39m=\u001b[32m\"\"\u001b[39m\n                      \u001b[36m>\u001b[39m\n                        \u001b[0mTodos\u001b[0m\n                      \u001b[36m</option>\u001b[39m\n                      \u001b[36m<option\u001b[39m\n                        \u001b[33mvalue\u001b[39m=\u001b[32m\"YES\"\u001b[39m\n                      \u001b[36m>\u001b[39m\n                        \u001b[0mEn stock\u001b[0m\n                      \u001b[36m</option>\u001b[39m\n                      \u001b[36m<option\u001b[39m\n                        \u001b[33mvalue\u001b[39m=\u001b[32m\"NO\"\u001b[39m\n                      \u001b[36m>\u001b[39m\n                        \u001b[0mVendido\u001b[0m\n                      \u001b[36m</option>\u001b[39m\n                    \u001b[36m</select>\u001b[39m\n                  \u001b[36m</div>\u001b[39m\n                  \u001b[36m<div>\u001b[39m\n                    \u001b[36m<label\u001b[39m\n                      \u001b[33mstyle\u001b[39m=\u001b[32m\"display: block; margin-bottom: var(--space-2); color: var(--color-text-muted); font-size: 0.85rem; text-transform: uppercase; letter-spacing: 0.05em;\"\u001b[39m\n                    \u001b[36m>\u001b[39m\n                      \u001b[0mOrdenar por\u001b[0m\n                    \u001b[36m</label>\u001b[39m\n                    \u001b[36m<select\u001b[39m\n                      \u001b[33mstyle\u001b[39m=\u001b[32m\"width: 100%; padding: var(--space-2) var(--space-4); background-color: var(--color-surface); color: var(--color-text); border: 1px solid var(--color-border); border-radius: var(--border-radius); font-size: 0.95rem; outline: none; appearance: none; cursor: pointer; background-repeat: no-repeat; background-size: 1em;\"\u001b[39m\n                    \u001b[36m>\u001b[39m\n                      \u001b[36m<option\u001b[39m\n                        \u001b[33mvalue\u001b[39m=\u001b[32m\"price-asc\"\u001b[39m\n                      \u001b[36m>\u001b[39m\n                        \u001b[0mPrecio: Menor a Mayor\u001b[0m\n                      \u001b[36m</option>\u001b[39m\n                      \u001b[36m<option\u001b[39m\n                        \u001b[33mvalue\u001b[39m=\u001b[32m\"price-desc\"\u001b[39m\n                      \u001b[36m>\u001b[39m\n                        \u001b[0mPrecio: Mayor a Menor\u001b[0m\n                      \u001b[36m</option>\u001b[39m\n                      \u001b[36m<option\u001b[39m\n                        \u001b[33mvalue\u001b[39m=\u001b[32m\"name-asc\"\u001b[39m\n                      \u001b[36m>\u001b[39m\n                        \u001b[0mNombre: A-Z\u001b[0m\n                      \u001b[36m</option>\u001b[39m\n                      \u001b[36m<option\u001b[39m\n                        \u001b[33mvalue\u001b[39m=\u001b[32m\"name-desc\"\u001b[39m\n                      \u001b[36m>\u001b[39m\n                        \u001b[0mNombre: Z-A\u001b[0m\n                      \u001b[36m</option>\u001b[39m\n                    \u001b[36m</select>\u001b[39m\n                  \u001b[36m</div>\u001b[39m\n                \u001b[36m</div>\u001b[39m\n                \u001b[36m<div\u001b[39m\n                  \u001b[33mstyle\u001b[39m=\u001b[32m\"margin-top: var(--space-6); display: flex;\"\u001b[39m\n                \u001b[36m>\u001b[39m\n                  \u001b[36m<button\u001b[39m\n                    \u001b[33mclass\u001b[39m=\u001b[32m\"btn btn-secondary\"\u001b[39m\n                    \u001b[33mstyle\u001b[39m=\u001b[32m\"width: 100%; max-width: 200px; cursor: pointer;\"\u001b[39m\n                  \u001b[36m>\u001b[39m\n                    \u001b[0mReiniciar filtros\u001b[0m\n                  \u001b[36m</button>\u001b[39m\n                \u001b[36m</div>\u001b[39m\n              \u001b[36m</div>\u001b[39m\n              \u001b[36m<div\u001b[39m\n                \u001b[33mclass\u001b[39m=\u001b[32m\"row\"\u001b[39m\n              \u001b[36m>\u001b[39m\n                \u001b[36m<div\u001b[39m\n                  \u001b[33mclass\u001b[39m=\u001b[32m\"col\"\u001b[39m\n                \u001b[36m>\u001b[39m\n                  \u001b[36m<h5>\u001b[39m\n                    \u001b[0mLos precios se calculan con la cotizacion 'blue' del dolar\u001b[0m\n                  \u001b[36m</h5>\u001b[39m\n                  \u001b[36m<h5>\u001b[39m\n                    \u001b[0mPara comprar escribinos a nanfuen.bonsai@gmail.com con el / los productos que te gustaria adquirir\u001b[0m\n                  \u001b[36m</h5>\u001b[39m\n                \u001b[36m</div>\u001b[39m\n              \u001b[36m</div>\u001b[39m\n            \u001b[36m</div>\u001b[39m\n          \u001b[36m</div>\u001b[39m\n        \u001b[36m</div>\u001b[39m\n      \u001b[36m</div>\u001b[39m\n      \u001b[36m<div\u001b[39m\n        \u001b[33mclass\u001b[39m=\u001b[32m\"row row-cols-lg-3 row-cols-md-2 row-cols-1\"\u001b[39m\n        \u001b[33mstyle\u001b[39m=\u001b[32m\"gap: var(--space-6); margin-bottom: var(--space-8);\"\u001b[39m\n      \u001b[36m>\u001b[39m\n        \u001b[36m<div\u001b[39m\n          \u001b[33mclass\u001b[39m=\u001b[32m\"col\"\u001b[39m\n        \u001b[36m>\u001b[39m\n          \u001b[36m<div\u001b[39m\n            \u001b[33mclass\u001b[39m=\u001b[32m\"card \"\u001b[39m\n            \u001b[33mrole\u001b[39m=\u001b[32m\"article\"\u001b[39m\n          \u001b[36m>\u001b[39m\n            \u001b[36m<div\u001b[39m\n              \u001b[33mclass\u001b[39m=\u001b[32m\"imageWrapper\"\u001b[39m\n            \u001b[36m>\u001b[39m\n              \u001b[36m<img\u001b[39m\n                \u001b[33malt\u001b[39m=\u001b[32m\"undefined\"\u001b[39m\n                \u001b[33mclass\u001b[39m=\u001b[32m\"image \"\u001b[39m\n                \u001b[33mloading\u001b[39m=\u001b[32m\"lazy\"\u001b[39m\n                \u001b[33msrc\u001b[39m=\u001b[32m\"/images/catalog/TEST1.jpg\"\u001b[39m\n              \u001b[36m/>\u001b[39m\n            \u001b[36m</div>\u001b[39m\n            \u001b[36m<div\u001b[39m\n              \u001b[33mclass\u001b[39m=\u001b[32m\"content\"\u001b[39m\n            \u001b[36m>\u001b[39m\n              \u001b[36m<div\u001b[39m\n                \u001b[33mclass\u001b[39m=\u001b[32m\"titleRow\"\u001b[39m\n              \u001b[36m>\u001b[39m\n                \u001b[36m<h3\u001b[39m\n                  \u001b[33mclass\u001b[39m=\u001b[32m\"title\"\u001b[39m\n                \u001b[36m/>\u001b[39m\n              \u001b[36m</div>\u001b[39m\n              \u001b[36m<div\u001b[39m\n                \u001b[33mclass\u001b[39m=\u001b[32m\"details\"\u001b[39m\n              \u001b[36m>\u001b[39m\n                \u001b[36m<ul>\u001b[39m\n                  \u001b[36m<li>\u001b[39m\n                    \u001b[36m<strong>\u001b[39m\n                      \u001b[0mForma:\u001b[0m\n                    \u001b[36m</strong>\u001b[39m\n                    \u001b[0m \u001b[0m\n                  \u001b[36m</li>\u001b[39m\n                  \u001b[36m<li>\u001b[39m\n                    \u001b[36m<strong>\u001b[39m\n                      \u001b[0mColor:\u001b[0m\n                    \u001b[36m</strong>\u001b[39m\n                    \u001b[0m \u001b[0m\n                  \u001b[36m</li>\u001b[39m\n                  \u001b[36m<li>\u001b[39m\n                    \u001b[36m<strong>\u001b[39m\n                      \u001b[0mAutor:\u001b[0m\n                    \u001b[36m</strong>\u001b[39m\n                    \u001b[0m \u001b[0m\n                  \u001b[36m</li>\u001b[39m\n                  \u001b[36m<li>\u001b[39m\n                    \u001b[36m<strong>\u001b[39m\n                      \u001b[0mTamaño (CM):\u001b[0m\n                    \u001b[36m</strong>\u001b[39m\n                    \u001b[0m \u001b[0m\n                  \u001b[36m</li>\u001b[39m\n                \u001b[36m</ul>\u001b[39m\n              \u001b[36m</div>\u001b[39m\n            \u001b[36m</div>\u001b[39m\n          \u001b[36m</div>\u001b[39m\n        \u001b[36m</div>\u001b[39m\n      \u001b[36m</div>\u001b[39m\n    \u001b[36m</div>\u001b[39m\n  \u001b[36m</div>\u001b[39m\n\u001b[36m</body>\u001b[39m\n    at waitForWrapper (C:\\dev\\nanfuen_dev\\node_modules\\@testing-library\\dom\\dist\\wait-for.js:163:27)\n    at C:\\dev\\nanfuen_dev\\node_modules\\@testing-library\\dom\\dist\\query-helpers.js:86:33\n    at Object.findByText (C:\\dev\\nanfuen_dev\\test\\smoke\\navigation.test.js:57:27)\n    at Promise.finally.completed (C:\\dev\\nanfuen_dev\\node_modules\\jest-circus\\build\\jestAdapterInit.js:1557:28)\n    at new Promise (<anonymous>)\n    at callAsyncCircusFn (C:\\dev\\nanfuen_dev\\node_modules\\jest-circus\\build\\jestAdapterInit.js:1497:10)\n    at _callCircusTest (C:\\dev\\nanfuen_dev\\node_modules\\jest-circus\\build\\jestAdapterInit.js:1007:40)\n    at processTicksAndRejections (node:internal/process/task_queues:105:5)\n    at _runTest (C:\\dev\\nanfuen_dev\\node_modules\\jest-circus\\build\\jestAdapterInit.js:947:3)\n    at C:\\dev\\nanfuen_dev\\node_modules\\jest-circus\\build\\jestAdapterInit.js:849:7\n    at _runTestsForDescribeBlock (C:\\dev\\nanfuen_dev\\node_modules\\jest-circus\\build\\jestAdapterInit.js:862:11)\n    at _runTestsForDescribeBlock (C:\\dev\\nanfuen_dev\\node_modules\\jest-circus\\build\\jestAdapterInit.js:857:11)\n    at _runTestsForDescribeBlock (C:\\dev\\nanfuen_dev\\node_modules\\jest-circus\\build\\jestAdapterInit.js:857:11)\n    at run (C:\\dev\\nanfuen_dev\\node_modules\\jest-circus\\build\\jestAdapterInit.js:761:3)\n    at runAndTransformResultsToJestFormat (C:\\dev\\nanfuen_dev\\node_modules\\jest-circus\\build\\jestAdapterInit.js:1918:21)\n    at jestAdapter (C:\\dev\\nanfuen_dev\\node_modules\\jest-circus\\build\\runner.js:101:19)\n    at runTestInternal (C:\\dev\\nanfuen_dev\\node_modules\\jest-runner\\build\\testWorker.js:275:16)\n    at runTest (C:\\dev\\nanfuen_dev\\node_modules\\jest-runner\\build\\testWorker.js:343:7)\n    at Object.worker (C:\\dev\\nanfuen_dev\\node_modules\\jest-runner\\build\\testWorker.js:497:12)"],"fullName":"Navigation Flow Smoke Tests Product Grid Navigation renders products correctly","invocations":1,"location":null,"numPassingAsserts":0,"retryReasons":[],"startAt":1773190153346,"status":"failed","title":"renders products correctly"}],"endTime":1773190155384,"message":"\u001b[1m\u001b[31m  \u001b[1m● \u001b[22m\u001b[1mNavigation Flow Smoke Tests › Product Grid Navigation › renders products correctly\u001b[39m\u001b[22m\n\n    Unable to find an element with the text: Test Product. This could be because the text is broken up by multiple elements. In this case, you can provide a function for your text matcher to make your matcher more flexible.\n\n    Ignored nodes: comments, script, style\n    \u001b[36m<body>\u001b[39m\n      \u001b[36m<div>\u001b[39m\n        \u001b[36m<div\u001b[39m\n          \u001b[33mclass\u001b[39m=\u001b[32m\"container\"\u001b[39m\n        \u001b[36m>\u001b[39m\n          \u001b[36m<div\u001b[39m\n            \u001b[33mclass\u001b[39m=\u001b[32m\"accordion\"\u001b[39m\n            \u001b[33mstyle\u001b[39m=\u001b[32m\"margin-bottom: var(--space-6);\"\u001b[39m\n          \u001b[36m>\u001b[39m\n            \u001b[36m<div\u001b[39m\n              \u001b[33mclass\u001b[39m=\u001b[32m\"accordion-item\"\u001b[39m\n              \u001b[33mstyle\u001b[39m=\u001b[32m\"border: 1px solid var(--color-border); border-radius: 12px; overflow: hidden;\"\u001b[39m\n            \u001b[36m>\u001b[39m\n              \u001b[36m<h2\u001b[39m\n                \u001b[33mclass\u001b[39m=\u001b[32m\"accordion-header\"\u001b[39m\n              \u001b[36m>\u001b[39m\n                \u001b[36m<button\u001b[39m\n                  \u001b[33maria-expanded\u001b[39m=\u001b[32m\"true\"\u001b[39m\n                  \u001b[33mclass\u001b[39m=\u001b[32m\"accordion-button\"\u001b[39m\n                  \u001b[33mtype\u001b[39m=\u001b[32m\"button\"\u001b[39m\n                \u001b[36m>\u001b[39m\n                  \u001b[0mFiltros\u001b[0m\n                \u001b[36m</button>\u001b[39m\n              \u001b[36m</h2>\u001b[39m\n              \u001b[36m<div\u001b[39m\n                \u001b[33mclass\u001b[39m=\u001b[32m\"accordion-collapse collapse show\"\u001b[39m\n              \u001b[36m>\u001b[39m\n                \u001b[36m<div\u001b[39m\n                  \u001b[33mclass\u001b[39m=\u001b[32m\"accordion-body\"\u001b[39m\n                  \u001b[33mstyle\u001b[39m=\u001b[32m\"background-color: var(--color-surface);\"\u001b[39m\n                \u001b[36m>\u001b[39m\n                  \u001b[36m<div\u001b[39m\n                    \u001b[33mstyle\u001b[39m=\u001b[32m\"background-color: var(--color-bg); border: 1px solid var(--color-border); border-radius: var(--border-radius); padding: var(--space-6); margin-bottom: var(--space-8);\"\u001b[39m\n                  \u001b[36m>\u001b[39m\n                    \u001b[36m<div\u001b[39m\n                      \u001b[33mstyle\u001b[39m=\u001b[32m\"display: grid; grid-template-columns: repeat(auto-fit, minmax(200px, 1fr)); gap: var(--space-6);\"\u001b[39m\n                    \u001b[36m>\u001b[39m\n                      \u001b[36m<div>\u001b[39m\n                        \u001b[36m<label\u001b[39m\n                          \u001b[33mstyle\u001b[39m=\u001b[32m\"display: block; margin-bottom: var(--space-2); color: var(--color-text-muted); font-size: 0.85rem; text-transform: uppercase; letter-spacing: 0.05em;\"\u001b[39m\n                        \u001b[36m>\u001b[39m\n                          \u001b[0mCategoría\u001b[0m\n                        \u001b[36m</label>\u001b[39m\n                        \u001b[36m<select\u001b[39m\n                          \u001b[33mstyle\u001b[39m=\u001b[32m\"width: 100%; padding: var(--space-2) var(--space-4); background-color: var(--color-surface); color: var(--color-text); border: 1px solid var(--color-border); border-radius: var(--border-radius); font-size: 0.95rem; outline: none; appearance: none; cursor: pointer; background-repeat: no-repeat; background-size: 1em;\"\u001b[39m\n                        \u001b[36m>\u001b[39m\n                          \u001b[36m<option\u001b[39m\n                            \u001b[33mvalue\u001b[39m=\u001b[32m\"\"\u001b[39m\n                          \u001b[36m>\u001b[39m\n                            \u001b[0mTodas\u001b[0m\n                          \u001b[36m</option>\u001b[39m\n                          \u001b[36m<option\u001b[39m\n                            \u001b[33mvalue\u001b[39m=\u001b[32m\"Pot\"\u001b[39m\n                          \u001b[36m>\u001b[39m\n                            \u001b[0mMacetas\u001b[0m\n                          \u001b[36m</option>\u001b[39m\n                          \u001b[36m<option\u001b[39m\n                            \u001b[33mvalue\u001b[39m=\u001b[32m\"tree\"\u001b[39m\n                          \u001b[36m>\u001b[39m\n                            \u001b[0mÁrboles\u001b[0m\n                          \u001b[36m</option>\u001b[39m\n                          \u001b[36m<option\u001b[39m\n                            \u001b[33mvalue\u001b[39m=\u001b[32m\"Tools\"\u001b[39m\n                          \u001b[36m>\u001b[39m\n                            \u001b[0mHerramientas\u001b[0m\n                          \u001b[36m</option>\u001b[39m\n                        \u001b[36m</select>\u001b[39m\n                      \u001b[36m</div>\u001b[39m\n                      \u001b[36m<div>\u001b[39m\n                        \u001b[36m<label\u001b[39m\n                          \u001b[33mstyle\u001b[39m=\u001b[32m\"display: block; margin-bottom: var(--space-2); color: var(--color-text-muted); font-size: 0.85rem; text-transform: uppercase; letter-spacing: 0.05em;\"\u001b[39m\n                        \u001b[36m>\u001b[39m\n                          \u001b[0mDisponibilidad\u001b[0m\n                        \u001b[36m</label>\u001b[39m\n                        \u001b[36m<select\u001b[39m\n                          \u001b[33mstyle\u001b[39m=\u001b[32m\"width: 100%; padding: var(--space-2) var(--space-4); background-color: var(--color-surface); color: var(--color-text); border: 1px solid var(--color-border); border-radius: var(--border-radius); font-size: 0.95rem; outline: none; appearance: none; cursor: pointer; background-repeat: no-repeat; background-size: 1em;\"\u001b[39m\n                        \u001b[36m>\u001b[39m\n                          \u001b[36m<option\u001b[39m\n                            \u001b[33mvalue\u001b[39m=\u001b[32m\"\"\u001b[39m\n                          \u001b[36m>\u001b[39m\n                            \u001b[0mTodos\u001b[0m\n                          \u001b[36m</option>\u001b[39m\n                          \u001b[36m<option\u001b[39m\n                            \u001b[33mvalue\u001b[39m=\u001b[32m\"YES\"\u001b[39m\n                          \u001b[36m>\u001b[39m\n                            \u001b[0mEn stock\u001b[0m\n                          \u001b[36m</option>\u001b[39m\n                          \u001b[36m<option\u001b[39m\n                            \u001b[33mvalue\u001b[39m=\u001b[32m\"NO\"\u001b[39m\n                          \u001b[36m>\u001b[39m\n                            \u001b[0mVendido\u001b[0m\n                          \u001b[36m</option>\u001b[39m\n                        \u001b[36m</select>\u001b[39m\n                      \u001b[36m</div>\u001b[39m\n                      \u001b[36m<div>\u001b[39m\n                        \u001b[36m<label\u001b[39m\n                          \u001b[33mstyle\u001b[39m=\u001b[32m\"display: block; margin-bottom: var(--space-2); color: var(--color-text-muted); font-size: 0.85rem; text-transform: uppercase; letter-spacing: 0.05em;\"\u001b[39m\n                        \u001b[36m>\u001b[39m\n                          \u001b[0mOrdenar por\u001b[0m\n                        \u001b[36m</label>\u001b[39m\n                        \u001b[36m<select\u001b[39m\n                          \u001b[33mstyle\u001b[39m=\u001b[32m\"width: 100%; padding: var(--space-2) var(--space-4); background-color: var(--color-surface); color: var(--color-text); border: 1px solid var(--color-border); border-radius: var(--border-radius); font-size: 0.95rem; outline: none; appearance: none; cursor: pointer; background-repeat: no-repeat; background-size: 1em;\"\u001b[39m\n                        \u001b[36m>\u001b[39m\n                          \u001b[36m<option\u001b[39m\n                            \u001b[33mvalue\u001b[39m=\u001b[32m\"price-asc\"\u001b[39m\n                          \u001b[36m>\u001b[39m\n                            \u001b[0mPrecio: Menor a Mayor\u001b[0m\n                          \u001b[36m</option>\u001b[39m\n                          \u001b[36m<option\u001b[39m\n                            \u001b[33mvalue\u001b[39m=\u001b[32m\"price-desc\"\u001b[39m\n                          \u001b[36m>\u001b[39m\n                            \u001b[0mPrecio: Mayor a Menor\u001b[0m\n                          \u001b[36m</option>\u001b[39m\n                          \u001b[36m<option\u001b[39m\n                            \u001b[33mvalue\u001b[39m=\u001b[32m\"name-asc\"\u001b[39m\n                          \u001b[36m>\u001b[39m\n                            \u001b[0mNombre: A-Z\u001b[0m\n                          \u001b[36m</option>\u001b[39m\n                          \u001b[36m<option\u001b[39m\n                            \u001b[33mvalue\u001b[39m=\u001b[32m\"name-desc\"\u001b[39m\n                          \u001b[36m>\u001b[39m\n                            \u001b[0mNombre: Z-A\u001b[0m\n                          \u001b[36m</option>\u001b[39m\n                        \u001b[36m</select>\u001b[39m\n                      \u001b[36m</div>\u001b[39m\n                    \u001b[36m</div>\u001b[39m\n                    \u001b[36m<div\u001b[39m\n                      \u001b[33mstyle\u001b[39m=\u001b[32m\"margin-top: var(--space-6); display: flex;\"\u001b[39m\n                    \u001b[36m>\u001b[39m\n                      \u001b[36m<button\u001b[39m\n                        \u001b[33mclass\u001b[39m=\u001b[32m\"btn btn-secondary\"\u001b[39m\n                        \u001b[33mstyle\u001b[39m=\u001b[32m\"width: 100%; max-width: 200px; cursor: pointer;\"\u001b[39m\n                      \u001b[36m>\u001b[39m\n                        \u001b[0mReiniciar filtros\u001b[0m\n                      \u001b[36m</button>\u001b[39m\n                    \u001b[36m</div>\u001b[39m\n                  \u001b[36m</div>\u001b[39m\n                  \u001b[36m<div\u001b[39m\n                    \u001b[33mclass\u001b[39m=\u001b[32m\"row\"\u001b[39m\n                  \u001b[36m>\u001b[39m\n                    \u001b[36m<div\u001b[39m\n                      \u001b[33mclass\u001b[39m=\u001b[32m\"col\"\u001b[39m\n                    \u001b[36m>\u001b[39m\n                      \u001b[36m<h5>\u001b[39m\n                        \u001b[0mLos precios se calculan con la cotizacion 'blue' del dolar\u001b[0m\n                      \u001b[36m</h5>\u001b[39m\n                      \u001b[36m<h5>\u001b[39m\n                        \u001b[0mPara comprar escribinos a nanfuen.bonsai@gmail.com con el / los productos que te gustaria adquirir\u001b[0m\n                      \u001b[36m</h5>\u001b[39m\n                    \u001b[36m</div>\u001b[39m\n                  \u001b[36m</div>\u001b[39m\n                \u001b[36m</div>\u001b[39m\n              \u001b[36m</div>\u001b[39m\n            \u001b[36m</div>\u001b[39m\n          \u001b[36m</div>\u001b[39m\n          \u001b[36m<div\u001b[39m\n            \u001b[33mclass\u001b[39m=\u001b[32m\"row row-cols-lg-3 row-cols-md-2 row-cols-1\"\u001b[39m\n            \u001b[33mstyle\u001b[39m=\u001b[32m\"gap: var(--space-6); margin-bottom: var(--space-8);\"\u001b[39m\n          \u001b[36m>\u001b[39m\n            \u001b[36m<div\u001b[39m\n              \u001b[33mclass\u001b[39m=\u001b[32m\"col\"\u001b[39m\n            \u001b[36m>\u001b[39m\n              \u001b[36m<div\u001b[39m\n                \u001b[33mclass\u001b[39m=\u001b[32m\"card \"\u001b[39m\n                \u001b[33mrole\u001b[39m=\u001b[32m\"article\"\u001b[39m\n              \u001b[36m>\u001b[39m\n                \u001b[36m<div\u001b[39m\n                  \u001b[33mclass\u001b[39m=\u001b[32m\"imageWrapper\"\u001b[39m\n                \u001b[36m>\u001b[39m\n                  \u001b[36m<img\u001b[39m\n                    \u001b[33malt\u001b[39m=\u001b[32m\"undefined\"\u001b[39m\n                    \u001b[33mclass\u001b[39m=\u001b[32m\"image \"\u001b[39m\n                    \u001b[33mloading\u001b[39m=\u001b[32m\"lazy\"\u001b[39m\n                    \u001b[33msrc\u001b[39m=\u001b[32m\"/images/catalog/TEST1.jpg\"\u001b[39m\n                  \u001b[36m/>\u001b[39m\n                \u001b[36m</div>\u001b[39m\n                \u001b[36m<div\u001b[39m\n                  \u001b[33mclass\u001b[39m=\u001b[32m\"content\"\u001b[39m\n                \u001b[36m>\u001b[39m\n                  \u001b[36m<div\u001b[39m\n                    \u001b[33mclass\u001b[39m=\u001b[32m\"titleRow\"\u001b[39m\n                  \u001b[36m>\u001b[39m\n                    \u001b[36m<h3\u001b[39m\n                      \u001b[33mclass\u001b[39m=\u001b[32m\"title\"\u001b[39m\n                    \u001b[36m/>\u001b[39m\n                  \u001b[36m</div>\u001b[39m\n                  \u001b[36m<div\u001b[39m\n                    \u001b[33mclass\u001b[39m=\u001b[32m\"details\"\u001b[39m\n                  \u001b[36m>\u001b[39m\n                    \u001b[36m<ul>\u001b[39m\n                      \u001b[36m<li>\u001b[39m\n                        \u001b[36m<strong>\u001b[39m\n                          \u001b[0mForma:\u001b[0m\n                        \u001b[36m</strong>\u001b[39m\n                        \u001b[0m \u001b[0m\n                      \u001b[36m</li>\u001b[39m\n                      \u001b[36m<li>\u001b[39m\n                        \u001b[36m<strong>\u001b[39m\n                          \u001b[0mColor:\u001b[0m\n                        \u001b[36m</strong>\u001b[39m\n                        \u001b[0m \u001b[0m\n                      \u001b[36m</li>\u001b[39m\n                      \u001b[36m<li>\u001b[39m\n                        \u001b[36m<strong>\u001b[39m\n                          \u001b[0mAutor:\u001b[0m\n                        \u001b[36m</strong>\u001b[39m\n                        \u001b[0m \u001b[0m\n                      \u001b[36m</li>\u001b[39m\n                      \u001b[36m<li>\u001b[39m\n                        \u001b[36m<strong>\u001b[39m\n                          \u001b[0mTamaño (CM):\u001b[0m\n                        \u001b[36m</strong>\u001b[39m\n                        \u001b[0m \u001b[0m\n                      \u001b[36m</li>\u001b[39m\n                    \u001b[36m</ul>\u001b[39m\n                  \u001b[36m</div>\u001b[39m\n                \u001b[36m</div>\u001b[39m\n              \u001b[36m</div>\u001b[39m\n            \u001b[36m</div>\u001b[39m\n          \u001b[36m</div>\u001b[39m\n        \u001b[36m</div>\u001b[39m\n      \u001b[36m</div>\u001b[39m\n    \u001b[36m</body>\u001b[39m\n\u001b[2m\u001b[22m\n\u001b[2m    \u001b[0m \u001b[90m 55 |\u001b[39m       \u001b[22m\n\u001b[2m     \u001b[90m 56 |\u001b[39m       \u001b[90m// Verify products are rendered (wait for skeleton loading delay)\u001b[39m\u001b[22m\n\u001b[2m    \u001b[31m\u001b[1m>\u001b[22m\u001b[2m\u001b[39m\u001b[90m 57 |\u001b[39m       expect(\u001b[36mawait\u001b[39m screen\u001b[33m.\u001b[39mfindByText(\u001b[32m'Test Product'\u001b[39m\u001b[33m,\u001b[39m {}\u001b[33m,\u001b[39m { timeout\u001b[33m:\u001b[39m \u001b[35m2000\u001b[39m }))\u001b[33m.\u001b[39mtoBeInTheDocument()\u001b[33m;\u001b[39m\u001b[22m\n\u001b[2m     \u001b[90m    |\u001b[39m                           \u001b[31m\u001b[1m^\u001b[22m\u001b[2m\u001b[39m\u001b[22m\n\u001b[2m     \u001b[90m 58 |\u001b[39m     })\u001b[33m;\u001b[39m\u001b[22m\n\u001b[2m     \u001b[90m 59 |\u001b[39m   })\u001b[33m;\u001b[39m\u001b[22m\n\u001b[2m     \u001b[90m 60 |\u001b[39m })\u001b[33m;\u001b[39m\u001b[0m\u001b[22m\n\u001b[2m\u001b[22m\n\u001b[2m      \u001b[2mat waitForWrapper (\u001b[22m\u001b[2mnode_modules/@testing-library/dom/dist/wait-for.js\u001b[2m:163:27)\u001b[22m\u001b[2m\u001b[22m\n\u001b[2m      \u001b[2mat \u001b[22m\u001b[2mnode_modules/@testing-library/dom/dist/query-helpers.js\u001b[2m:86:33\u001b[22m\u001b[2m\u001b[22m\n\u001b[2m      \u001b[2mat Object.findByText (\u001b[22m\u001b[2m\u001b[0m\u001b[36mtest/smoke/navigation.test.js\u001b[39m\u001b[0m\u001b[2m:57:27)\u001b[22m\u001b[2m\u001b[22m\n","name":"C:\\dev\\nanfuen_dev\\test\\smoke\\navigation.test.js","startTime":1773190152027,"status":"failed","summary":""}],"wasInterrupted":false}
